[08/24/2022 14:49:39] Debug: Session id: 738ed21c-d99a-451b-9ca5-178a312b534e
[08/24/2022 14:49:39] Debug: Code Processor information: Name :SnowConvert, Version: 7.11.102.0
[08/24/2022 14:49:40] Debug: Getting license
[08/24/2022 14:49:40] Debug: License information
	Status: Failed
	Message: No active license available.
[08/24/2022 14:49:40] Info: Starting to validate parameters
[08/24/2022 14:49:40] Info: Parameters to validate: 
	Execution mode: Conversion
	LICENSE_KEY: a3372138-b87e-4a08-b929-3b48b24c63f1
[08/24/2022 14:49:40] Info: Validation of parameters: Success
[08/24/2022 14:49:40] Debug: Getting code descriptor
[08/24/2022 14:49:40] Debug: Code descriptor information
	Units: 51
	Units type: LOC
	All file bytes: 2141
	All found extensions: .sql,.dml,.ddl,.bteq,.btq,.fl,.fload,.ml,.mload,.mld,.tp,.tpump,.tpt
[08/24/2022 14:49:40] Debug: Calculating fingerprint
[08/24/2022 14:49:40] Debug: Fingerprint information Fingerprint(size=2141,projects=1)
[08/24/2022 14:49:40] Info: Starting to try to validate online license for execution
[08/24/2022 14:49:43] Debug: Getting license
[08/24/2022 14:49:43] Debug: License information
	Status: Failed
	Message: No active license available.
[08/24/2022 14:49:43] Debug: Starting the execution of the controller
[08/24/2022 14:49:44] Debug: Executing the worker: SnowConvert
[08/24/2022 14:49:57] Debug: Finished executing the worker: SnowConvert
[08/24/2022 14:49:59] Info: Controller execution ended
